0 info it worked if it ends with ok
1 verbose cli [ '/usr/local/bin/node', '/usr/local/bin/npm', 'run', 'build' ]
2 info using npm@3.10.10
3 info using node@v6.10.2
4 verbose run-script [ 'prebuild', 'build', 'postbuild' ]
5 info lifecycle ludumdare2017@0.0.1~prebuild: ludumdare2017@0.0.1
6 silly lifecycle ludumdare2017@0.0.1~prebuild: no script for prebuild, continuing
7 info lifecycle ludumdare2017@0.0.1~build: ludumdare2017@0.0.1
8 verbose lifecycle ludumdare2017@0.0.1~build: unsafe-perm in lifecycle true
9 verbose lifecycle ludumdare2017@0.0.1~build: PATH: /usr/local/lib/node_modules/npm/bin/node-gyp-bin:/Users/oskanberg/projects/ludumdare2017/node_modules/.bin:/usr/local/bin:/usr/bin:/bin:/usr/sbin:/sbin:/opt/X11/bin:/usr/local/go/bin:/Library/Frameworks/Mono.framework/Versions/Current/Commands:/Users/oskanberg/go/bin
10 verbose lifecycle ludumdare2017@0.0.1~build: CWD: /Users/oskanberg/projects/ludumdare2017
11 silly lifecycle ludumdare2017@0.0.1~build: Args: [ '-c',
11 silly lifecycle   'ENVIRONMENT=production node node_modules/webpack/bin/webpack.js -p && cp index.html build/ && cp img build/' ]
12 silly lifecycle ludumdare2017@0.0.1~build: Returned: code: 1  signal: null
13 info lifecycle ludumdare2017@0.0.1~build: Failed to exec build script
14 verbose stack Error: ludumdare2017@0.0.1 build: `ENVIRONMENT=production node node_modules/webpack/bin/webpack.js -p && cp index.html build/ && cp img build/`
14 verbose stack Exit status 1
14 verbose stack     at EventEmitter.<anonymous> (/usr/local/lib/node_modules/npm/lib/utils/lifecycle.js:255:16)
14 verbose stack     at emitTwo (events.js:106:13)
14 verbose stack     at EventEmitter.emit (events.js:191:7)
14 verbose stack     at ChildProcess.<anonymous> (/usr/local/lib/node_modules/npm/lib/utils/spawn.js:40:14)
14 verbose stack     at emitTwo (events.js:106:13)
14 verbose stack     at ChildProcess.emit (events.js:191:7)
14 verbose stack     at maybeClose (internal/child_process.js:886:16)
14 verbose stack     at Process.ChildProcess._handle.onexit (internal/child_process.js:226:5)
15 verbose pkgid ludumdare2017@0.0.1
16 verbose cwd /Users/oskanberg/projects/ludumdare2017
17 error Darwin 16.5.0
18 error argv "/usr/local/bin/node" "/usr/local/bin/npm" "run" "build"
19 error node v6.10.2
20 error npm  v3.10.10
21 error code ELIFECYCLE
22 error ludumdare2017@0.0.1 build: `ENVIRONMENT=production node node_modules/webpack/bin/webpack.js -p && cp index.html build/ && cp img build/`
22 error Exit status 1
23 error Failed at the ludumdare2017@0.0.1 build script 'ENVIRONMENT=production node node_modules/webpack/bin/webpack.js -p && cp index.html build/ && cp img build/'.
23 error Make sure you have the latest version of node.js and npm installed.
23 error If you do, this is most likely a problem with the ludumdare2017 package,
23 error not with npm itself.
23 error Tell the author that this fails on your system:
23 error     ENVIRONMENT=production node node_modules/webpack/bin/webpack.js -p && cp index.html build/ && cp img build/
23 error You can get information on how to open an issue for this project with:
23 error     npm bugs ludumdare2017
23 error Or if that isn't available, you can get their info via:
23 error     npm owner ls ludumdare2017
23 error There is likely additional logging output above.
24 verbose exit [ 1, true ]
